[debug] [2023-09-11T10:13:44.307Z] ----------------------------------------------------------------------
[debug] [2023-09-11T10:13:44.309Z] Command:       /home/mkee/.nvm/versions/node/v20.3.1/bin/node /home/mkee/.nvm/versions/node/v20.3.1/bin/firebase init
[debug] [2023-09-11T10:13:44.310Z] CLI Version:   12.5.3
[debug] [2023-09-11T10:13:44.310Z] Platform:      linux
[debug] [2023-09-11T10:13:44.310Z] Node Version:  v20.3.1
[debug] [2023-09-11T10:13:44.310Z] Time:          Mon Sep 11 2023 13:13:44 GMT+0300 (GMT+03:00)
[debug] [2023-09-11T10:13:44.310Z] ----------------------------------------------------------------------
[debug] 
[debug] [2023-09-11T10:13:44.316Z] > command requires scopes: ["email","openid","https://www.googleapis.com/auth/cloudplatformprojects.readonly","https://www.googleapis.com/auth/firebase","https://www.googleapis.com/auth/cloud-platform"]
[debug] [2023-09-11T10:13:44.316Z] > authorizing via signed-in user (mhmdalknj496@gmail.com)
[info] 
     ######## #### ########  ######## ########     ###     ######  ########
     ##        ##  ##     ## ##       ##     ##  ##   ##  ##       ##
     ######    ##  ########  ######   ########  #########  ######  ######
     ##        ##  ##    ##  ##       ##     ## ##     ##       ## ##
     ##       #### ##     ## ######## ########  ##     ##  ######  ########

You're about to initialize a Firebase project in this directory:

  /home/mkee/projects/learn/firebade1

[info] 
=== Project Setup
[info] 
[info] First, let's associate this project directory with a Firebase project.
[info] You can create multiple project aliases by running firebase use --add, 
[info] but for now we'll just set up a default project.
[info] 
[debug] [2023-09-11T10:14:19.625Z] >>> [apiv2][query] GET https://firebase.googleapis.com/v1beta1/projects pageSize=100
[debug] [2023-09-11T10:14:20.244Z] <<< [apiv2][status] GET https://firebase.googleapis.com/v1beta1/projects 200
[debug] [2023-09-11T10:14:20.244Z] <<< [apiv2][body] GET https://firebase.googleapis.com/v1beta1/projects [omitted]
[info] i  Using project fir-1-ea912 (firebase1) 
[info] 
=== Hosting Setup
[info] 
[info] Your public directory is the folder (relative to your project directory) that
[info] will contain Hosting assets to be uploaded with firebase deploy. If you
[info] have a build process for your assets, use your build's output directory.
[info] 
[info] ✔  Wrote public/404.html 
[debug] [2023-09-11T10:15:41.921Z] >>> [apiv2][query] GET https://www.gstatic.com/firebasejs/releases.json [none]
[debug] [2023-09-11T10:15:42.103Z] <<< [apiv2][status] GET https://www.gstatic.com/firebasejs/releases.json 200
[debug] [2023-09-11T10:15:42.103Z] <<< [apiv2][body] GET https://www.gstatic.com/firebasejs/releases.json {"current":{"version":"10.3.1","browserURL":"https://www.gstatic.com/firebasejs/10.3.1/firebase.js","packageURL":"https://www.gstatic.com/firebasejs/10.3.1/firebase.tgz"},"live":{"version":"10.3","browserURL":"https://www.gstatic.com/firebasejs/live/10.3/firebase.js","packageURL":"https://www.gstatic.com/firebasejs/live/10.3/firebase.tgz"},"components":{"analytics":"https://www.gstatic.com/firebasejs/10.3.1/firebase-analytics.js","app":"https://www.gstatic.com/firebasejs/10.3.1/firebase-app.js","app-check":"https://www.gstatic.com/firebasejs/10.3.1/firebase-app-check.js","auth":"https://www.gstatic.com/firebasejs/10.3.1/firebase-auth.js","auth/cordova":"https://www.gstatic.com/firebasejs/10.3.1/firebase-auth/cordova.js","functions":"https://www.gstatic.com/firebasejs/10.3.1/firebase-functions.js","firestore":"https://www.gstatic.com/firebasejs/10.3.1/firebase-firestore.js","firestore/lite":"https://www.gstatic.com/firebasejs/10.3.1/firebase-firestore/lite.js","installations":"https://www.gstatic.com/firebasejs/10.3.1/firebase-installations.js","storage":"https://www.gstatic.com/firebasejs/10.3.1/firebase-storage.js","performance":"https://www.gstatic.com/firebasejs/10.3.1/firebase-performance.js","remote-config":"https://www.gstatic.com/firebasejs/10.3.1/firebase-remote-config.js","messaging":"https://www.gstatic.com/firebasejs/10.3.1/firebase-messaging.js","messaging/sw":"https://www.gstatic.com/firebasejs/10.3.1/firebase-messaging/sw.js","database":"https://www.gstatic.com/firebasejs/10.3.1/firebase-database.js","firestore.memory":"https://www.gstatic.com/firebasejs/10.3.1/firebase-firestore.memory.js"}}
[info] ✔  Wrote public/index.html 
[info] 
[info] i  Detected a .git folder at /home/mkee/projects/learn/firebade1 
[info] i  Authorizing with GitHub to upload your service account to a GitHub repository's secrets store. 
[info] 
[info] Visit this URL on this device to log in:
[info] https://github.com/login/oauth/authorize?client_id=89cf50f02ac6aaed3484&state=769489453&redirect_uri=http%3A%2F%2Flocalhost%3A9005&scope=read%3Auser%20repo%20public_repo
[info] 
[info] Waiting for authentication...
[debug] [2023-09-11T10:15:58.944Z] >>> [apiv2][query] POST https://github.com/login/oauth/access_token [none]
[debug] [2023-09-11T10:15:58.945Z] >>> [apiv2][body] POST https://github.com/login/oauth/access_token [stream]
[debug] [2023-09-11T10:15:59.722Z] <<< [apiv2][status] POST https://github.com/login/oauth/access_token 200
[debug] [2023-09-11T10:15:59.722Z] <<< [apiv2][body] POST https://github.com/login/oauth/access_token {"access_token":"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","token_type":"bearer","scope":"read:user,repo"}
[debug] [2023-09-11T10:15:59.729Z] >>> [apiv2][query] GET https://api.github.com/user [none]
[debug] [2023-09-11T10:16:00.536Z] <<< [apiv2][status] GET https://api.github.com/user 200
[debug] [2023-09-11T10:16:00.536Z] <<< [apiv2][body] GET https://api.github.com/user {"login":"mohamedkeliwa","id":81013806,"node_id":"MDQ6VXNlcjgxMDEzODA2","avatar_url":"https://avatars.githubusercontent.com/u/81013806?v=4","gravatar_id":"","url":"https://api.github.com/users/mohamedkeliwa","html_url":"https://github.com/mohamedkeliwa","followers_url":"https://api.github.com/users/mohamedkeliwa/followers","following_url":"https://api.github.com/users/mohamedkeliwa/following{/other_user}","gists_url":"https://api.github.com/users/mohamedkeliwa/gists{/gist_id}","starred_url":"https://api.github.com/users/mohamedkeliwa/starred{/owner}{/repo}","subscriptions_url":"https://api.github.com/users/mohamedkeliwa/subscriptions","organizations_url":"https://api.github.com/users/mohamedkeliwa/orgs","repos_url":"https://api.github.com/users/mohamedkeliwa/repos","events_url":"https://api.github.com/users/mohamedkeliwa/events{/privacy}","received_events_url":"https://api.github.com/users/mohamedkeliwa/received_events","type":"User","site_admin":false,"name":"Mohamed kamalelidn","company":"ID8 Media","blog":"","location":"Istanbul - Turkey","email":null,"hireable":null,"bio":"hi ","twitter_username":null,"public_repos":5,"public_gists":0,"followers":0,"following":2,"created_at":"2021-03-20T09:42:10Z","updated_at":"2023-09-06T08:34:28Z","private_gists":0,"total_private_repos":3,"owned_private_repos":3,"disk_usage":21518,"collaborators":0,"two_factor_authentication":false,"plan":{"name":"free","space":976562499,"collaborators":0,"private_repos":10000}}
[info] 
[info] ✔  Success! Logged into GitHub as mohamedkeliwa 
[info] 
[debug] [2023-09-11T10:16:15.023Z] >>> [apiv2][query] GET https://api.github.com/repos/n/actions/secrets/public-key type=owner
[debug] [2023-09-11T10:16:15.541Z] <<< [apiv2][status] GET https://api.github.com/repos/n/actions/secrets/public-key 404
[debug] [2023-09-11T10:16:15.542Z] <<< [apiv2][body] GET https://api.github.com/repos/n/actions/secrets/public-key {"message":"Not Found","documentation_url":"https://docs.github.com/rest"}
[info] 
[info] 
[error] ⚠  The provided authorization cannot be used with this repository. If this repository is in an organization, did you remember to grant access? 
[info] 
[info] i  Action required: Visit this URL to ensure access has been granted to the appropriate organization(s) for the Firebase CLI GitHub OAuth App: 
[info] https://github.com/settings/connections/applications/89cf50f02ac6aaed3484
[info] 
[debug] [2023-09-11T10:16:25.223Z] >>> [apiv2][query] GET https://api.github.com/repos/y/actions/secrets/public-key type=owner
[debug] [2023-09-11T10:16:25.546Z] <<< [apiv2][status] GET https://api.github.com/repos/y/actions/secrets/public-key 404
[debug] [2023-09-11T10:16:25.546Z] <<< [apiv2][body] GET https://api.github.com/repos/y/actions/secrets/public-key {"message":"Not Found","documentation_url":"https://docs.github.com/rest"}
[info] 
[info] 
[error] ⚠  The provided authorization cannot be used with this repository. If this repository is in an organization, did you remember to grant access? 
[info] 
[info] i  Action required: Visit this URL to ensure access has been granted to the appropriate organization(s) for the Firebase CLI GitHub OAuth App: 
[info] https://github.com/settings/connections/applications/89cf50f02ac6aaed3484
[info] 
